<?xml version="1.0" encoding="UTF-8"?>
<!-- Generated by org.testng.reporters.JUnitXMLReporter -->
<testsuite ignored="0" hostname="MX-CELLAR-QA9L" failures="0" tests="5" name="myCases" time="0.097" errors="0" timestamp="2023-12-11T13:00:56 GMT-06:00">
  <testcase classname="com.jccompany.app.MyCases" name="testFive" time="0.03"/>
  <testcase classname="com.jccompany.app.MyCases" name="testFour" time="0.001"/>
  <testcase classname="com.jccompany.app.MyCases" name="testOne" time="0.001"/>
  <testcase classname="com.jccompany.app.MyCases" name="testThree" time="0.001"/>
  <testcase classname="com.jccompany.app.MyCases" name="testTwo" time="0.001"/>
</testsuite> <!-- myCases -->
