<?xml version="1.0" encoding="UTF-8"?>
<testsuite xmlns:xsi="http://www.w3.org/2001/XMLSchema-instance" xsi:noNamespaceSchemaLocation="https://maven.apache.org/surefire/maven-surefire-plugin/xsd/surefire-test-report-3.0.xsd" version="3.0" name="TestSuite" time="1.545" tests="10" errors="0" skipped="0" failures="0">
  <properties>
[...]
</properties>
  <testcase name="testFive" classname="com.jccompany.app.MyCases" time="0.027">
    <system-out><![CDATA[This is my fifth test
]]></system-out>
    <system-err><![CDATA[SLF4J: Failed to load class "org.slf4j.impl.StaticLoggerBinder".
SLF4J: Defaulting to no-operation (NOP) logger implementation
SLF4J: See http://www.slf4j.org/codes.html#StaticLoggerBinder for further details.
]]></system-err>
  </testcase>
  <testcase name="testFour" classname="com.jccompany.app.MyCases" time="0">
    <system-out><![CDATA[This is my fourth test
]]></system-out>
  </testcase>
  <testcase name="testOne" classname="com.jccompany.app.MyCases" time="0">
    <system-out><![CDATA[This is my first test
]]></system-out>
  </testcase>
  <testcase name="testThree" classname="com.jccompany.app.MyCases" time="0">
    <system-out><![CDATA[This is my third test
]]></system-out>
  </testcase>
  <testcase name="testTwo" classname="com.jccompany.app.MyCases" time="0.001">
    <system-out><![CDATA[This is my second test
]]></system-out>
  </testcase>
  <testcase name="testEight" classname="com.jccompany.app.MyCasesNew" time="0">
    <system-out><![CDATA[PASSED: com.jccompany.app.MyCases.testTwo
PASSED: com.jccompany.app.MyCases.testOne
PASSED: com.jccompany.app.MyCases.testThree
PASSED: com.jccompany.app.MyCases.testFour
PASSED: com.jccompany.app.MyCases.testFive

===============================================
    myCases
    Tests run: 5, Failures: 0, Skips: 0
===============================================

This is my eighth test
]]></system-out>
  </testcase>
  <testcase name="testNine" classname="com.jccompany.app.MyCasesNew" time="0">
    <system-out><![CDATA[This is my ninth test
]]></system-out>
  </testcase>
  <testcase name="testSeven" classname="com.jccompany.app.MyCasesNew" time="0">
    <system-out><![CDATA[This is my seventh test
]]></system-out>
  </testcase>
  <testcase name="testSix" classname="com.jccompany.app.MyCasesNew" time="0.001">
    <system-out><![CDATA[This is my sixth test
]]></system-out>
  </testcase>
  <testcase name="testTen" classname="com.jccompany.app.MyCasesNew" time="0">
    <system-out><![CDATA[This is my tenth test
]]></system-out>
  </testcase>
</testsuite>